<?xml version="1.0" encoding="UTF-8"?>
<!-- Generated by org.testng.reporters.JUnitXMLReporter -->
<testsuite ignored="0" hostname="Ranjith-290B2G2" failures="0" tests="20" name="MyTestCase" time="94.271" errors="0" timestamp="2024-02-22T15:33:38 IST">
  <testcase classname="com.testcases.XphenoSearch" name="xphenoSearch15" time="50.904"/>
  <testcase classname="com.testcases.XphenoSearch" name="xphenoSearch3" time="58.959"/>
  <testcase classname="com.testcases.XphenoSearch" name="xphenoSearch19" time="57.851"/>
  <testcase classname="com.testcases.XphenoSearch" name="xphenoSearch20" time="62.679"/>
  <testcase classname="com.testcases.XphenoSearch" name="xphenoSearch4" time="61.758"/>
  <testcase classname="com.testcases.XphenoSearch" name="xphenoSearch12" time="63.25"/>
  <testcase classname="com.testcases.XphenoSearch" name="xphenoSearch1" time="63.782"/>
  <testcase classname="com.testcases.XphenoSearch" name="xphenoSearch11" time="61.967"/>
  <testcase classname="com.testcases.XphenoSearch" name="xphenoSearch8" time="62.945"/>
  <testcase classname="com.testcases.XphenoSearch" name="xphenoSearch17" time="65.19"/>
  <testcase classname="com.testcases.XphenoSearch" name="xphenoSearch6" time="63.712"/>
  <testcase classname="com.testcases.XphenoSearch" name="xphenoSearch14" time="63.218"/>
  <testcase classname="com.testcases.XphenoSearch" name="xphenoSearch13" time="63.918"/>
  <testcase classname="com.testcases.XphenoSearch" name="xphenoSearch10" time="70.566"/>
  <testcase classname="com.testcases.XphenoSearch" name="xphenoSearch16" time="73.411"/>
  <testcase classname="com.testcases.XphenoSearch" name="xphenoSearch18" time="72.084"/>
  <testcase classname="com.testcases.XphenoSearch" name="xphenoSearch2" time="72.533"/>
  <testcase classname="com.testcases.XphenoSearch" name="xphenoSearch9" time="75.278"/>
  <testcase classname="com.testcases.XphenoSearch" name="xphenoSearch5" time="74.489"/>
  <testcase classname="com.testcases.XphenoSearch" name="xphenoSearch7" time="73.644"/>
</testsuite> <!-- MyTestCase -->
