<?xml version="1.0" encoding="UTF-8"?>
<!-- Generated by org.testng.reporters.JUnitXMLReporter -->
<testsuite ignored="19" hostname="Ranjith-290B2G2" failures="0" tests="1" name="MyTestCase" time="25.656" errors="0" timestamp="2024-02-22T12:14:23 IST">
  <testcase classname="com.testcases.XphenoSearch" name="xphenoSearch1" time="15.576"/>
  <testcase classname="com.testcases.XphenoSearch" name="xphenoSearch13" time="0.0">
    <ignored/>
  </testcase> <!-- xphenoSearch13 -->
  <testcase classname="com.testcases.XphenoSearch" name="xphenoSearch6" time="0.0">
    <ignored/>
  </testcase> <!-- xphenoSearch6 -->
  <testcase classname="com.testcases.XphenoSearch" name="xphenoSearch18" time="0.0">
    <ignored/>
  </testcase> <!-- xphenoSearch18 -->
  <testcase classname="com.testcases.XphenoSearch" name="xphenoSearch19" time="0.0">
    <ignored/>
  </testcase> <!-- xphenoSearch19 -->
  <testcase classname="com.testcases.XphenoSearch" name="xphenoSearch16" time="0.0">
    <ignored/>
  </testcase> <!-- xphenoSearch16 -->
  <testcase classname="com.testcases.XphenoSearch" name="xphenoSearch17" time="0.0">
    <ignored/>
  </testcase> <!-- xphenoSearch17 -->
  <testcase classname="com.testcases.XphenoSearch" name="xphenoSearch14" time="0.0">
    <ignored/>
  </testcase> <!-- xphenoSearch14 -->
  <testcase classname="com.testcases.XphenoSearch" name="xphenoSearch15" time="0.0">
    <ignored/>
  </testcase> <!-- xphenoSearch15 -->
  <testcase classname="com.testcases.XphenoSearch" name="xphenoSearch12" time="0.0">
    <ignored/>
  </testcase> <!-- xphenoSearch12 -->
  <testcase classname="com.testcases.XphenoSearch" name="xphenoSearch10" time="0.0">
    <ignored/>
  </testcase> <!-- xphenoSearch10 -->
  <testcase classname="com.testcases.XphenoSearch" name="xphenoSearch11" time="0.0">
    <ignored/>
  </testcase> <!-- xphenoSearch11 -->
  <testcase classname="com.testcases.XphenoSearch" name="xphenoSearch9" time="0.0">
    <ignored/>
  </testcase> <!-- xphenoSearch9 -->
  <testcase classname="com.testcases.XphenoSearch" name="xphenoSearch20" time="0.0">
    <ignored/>
  </testcase> <!-- xphenoSearch20 -->
  <testcase classname="com.testcases.XphenoSearch" name="xphenoSearch8" time="0.0">
    <ignored/>
  </testcase> <!-- xphenoSearch8 -->
  <testcase classname="com.testcases.XphenoSearch" name="xphenoSearch7" time="0.0">
    <ignored/>
  </testcase> <!-- xphenoSearch7 -->
  <testcase classname="com.testcases.XphenoSearch" name="xphenoSearch5" time="0.0">
    <ignored/>
  </testcase> <!-- xphenoSearch5 -->
  <testcase classname="com.testcases.XphenoSearch" name="xphenoSearch4" time="0.0">
    <ignored/>
  </testcase> <!-- xphenoSearch4 -->
  <testcase classname="com.testcases.XphenoSearch" name="xphenoSearch3" time="0.0">
    <ignored/>
  </testcase> <!-- xphenoSearch3 -->
  <testcase classname="com.testcases.XphenoSearch" name="xphenoSearch2" time="0.0">
    <ignored/>
  </testcase> <!-- xphenoSearch2 -->
</testsuite> <!-- MyTestCase -->
