<?xml version="1.0" encoding="UTF-8"?>
<!-- Generated by org.testng.reporters.JUnitXMLReporter -->
<testsuite ignored="19" hostname="Ranjith-290B2G2" failures="1" tests="1" name="MyTestCase" time="10.468" errors="0" timestamp="2024-02-22T11:30:27 IST">
  <testcase classname="com.testcases.XphenoSearch" name="xphenoSearch1" time="3.051">
    <failure type="org.openqa.selenium.NoSuchWindowException" message="no such window: target window already closed
from unknown error: web view not found
  (Session info: chrome=121.0.6167.185)
Build info: version: &amp;apos;4.12.1&amp;apos;, revision: &amp;apos;8e34639b11&amp;apos;
System info: os.name: &amp;apos;Windows 10&amp;apos;, os.arch: &amp;apos;amd64&amp;apos;, os.version: &amp;apos;10.0&amp;apos;, java.version: &amp;apos;17.0.8.1&amp;apos;
Driver info: org.openqa.selenium.chrome.ChromeDriver
Command: [c987e6eb5248bad10196cd4729b1f66a, findElement {using=xpath, value=//input[@name=&amp;apos;username&amp;apos;]}]
Capabilities {acceptInsecureCerts: false, browserName: chrome, browserVersion: 121.0.6167.185, chrome: {chromedriverVersion: 121.0.6167.184 (057a8ae7deb..., userDataDir: C:\Users\RANJIT~1.SIV\AppDa...}, fedcm:accounts: true, goog:chromeOptions: {debuggerAddress: localhost:52408}, networkConnectionEnabled: false, pageLoadStrategy: normal, platformName: windows, proxy: Proxy(), se:cdp: ws://localhost:52408/devtoo..., se:cdpVersion: 121.0.6167.185, setWindowRect: true, strictFileInteractability: false, timeouts: {implicit: 0, pageLoad: 300000, script: 30000}, unhandledPromptBehavior: dismiss and notify, webauthn:extension:credBlob: true, webauthn:extension:largeBlob: true, webauthn:extension:minPinLength: true, webauthn:extension:prf: true, webauthn:virtualAuthenticators: true}
Session ID: c987e6eb5248bad10196cd4729b1f66a">
      <![CDATA[org.openqa.selenium.NoSuchWindowException: no such window: target window already closed
from unknown error: web view not found
  (Session info: chrome=121.0.6167.185)
Build info: version: '4.12.1', revision: '8e34639b11'
System info: os.name: 'Windows 10', os.arch: 'amd64', os.version: '10.0', java.version: '17.0.8.1'
Driver info: org.openqa.selenium.chrome.ChromeDriver
Command: [c987e6eb5248bad10196cd4729b1f66a, findElement {using=xpath, value=//input[@name='username']}]
Capabilities {acceptInsecureCerts: false, browserName: chrome, browserVersion: 121.0.6167.185, chrome: {chromedriverVersion: 121.0.6167.184 (057a8ae7deb..., userDataDir: C:\Users\RANJIT~1.SIV\AppDa...}, fedcm:accounts: true, goog:chromeOptions: {debuggerAddress: localhost:52408}, networkConnectionEnabled: false, pageLoadStrategy: normal, platformName: windows, proxy: Proxy(), se:cdp: ws://localhost:52408/devtoo..., se:cdpVersion: 121.0.6167.185, setWindowRect: true, strictFileInteractability: false, timeouts: {implicit: 0, pageLoad: 300000, script: 30000}, unhandledPromptBehavior: dismiss and notify, webauthn:extension:credBlob: true, webauthn:extension:largeBlob: true, webauthn:extension:minPinLength: true, webauthn:extension:prf: true, webauthn:virtualAuthenticators: true}
Session ID: c987e6eb5248bad10196cd4729b1f66a
at org.openqa.selenium.remote.codec.w3c.W3CHttpResponseCodec.createException(W3CHttpResponseCodec.java:200)
at org.openqa.selenium.remote.codec.w3c.W3CHttpResponseCodec.decode(W3CHttpResponseCodec.java:133)
at org.openqa.selenium.remote.codec.w3c.W3CHttpResponseCodec.decode(W3CHttpResponseCodec.java:52)
at org.openqa.selenium.remote.HttpCommandExecutor.execute(HttpCommandExecutor.java:191)
at org.openqa.selenium.remote.service.DriverCommandExecutor.invokeExecute(DriverCommandExecutor.java:196)
at org.openqa.selenium.remote.service.DriverCommandExecutor.execute(DriverCommandExecutor.java:171)
at org.openqa.selenium.remote.RemoteWebDriver.execute(RemoteWebDriver.java:602)
at org.openqa.selenium.remote.ElementLocation$ElementFinder$2.findElement(ElementLocation.java:165)
at org.openqa.selenium.remote.ElementLocation.findElement(ElementLocation.java:59)
at org.openqa.selenium.remote.RemoteWebDriver.findElement(RemoteWebDriver.java:359)
at org.openqa.selenium.remote.RemoteWebDriver.findElement(RemoteWebDriver.java:353)
at com.testcases.BaseClass.element(BaseClass.java:607)
at com.pages.Searchpage.searchflow(Searchpage.java:19)
at com.testcases.XphenoSearch.xphenoSearch1(XphenoSearch.java:13)
at java.base/java.util.concurrent.ThreadPoolExecutor.runWorker(ThreadPoolExecutor.java:1136)
at java.base/java.util.concurrent.ThreadPoolExecutor$Worker.run(ThreadPoolExecutor.java:635)
at java.base/java.lang.Thread.run(Thread.java:833)
... Removed 17 stack frames]]>
    </failure>
  </testcase> <!-- xphenoSearch1 -->
  <testcase classname="com.testcases.XphenoSearch" name="xphenoSearch13" time="0.0">
    <ignored/>
  </testcase> <!-- xphenoSearch13 -->
  <testcase classname="com.testcases.XphenoSearch" name="xphenoSearch6" time="0.0">
    <ignored/>
  </testcase> <!-- xphenoSearch6 -->
  <testcase classname="com.testcases.XphenoSearch" name="xphenoSearch18" time="0.0">
    <ignored/>
  </testcase> <!-- xphenoSearch18 -->
  <testcase classname="com.testcases.XphenoSearch" name="xphenoSearch19" time="0.0">
    <ignored/>
  </testcase> <!-- xphenoSearch19 -->
  <testcase classname="com.testcases.XphenoSearch" name="xphenoSearch16" time="0.0">
    <ignored/>
  </testcase> <!-- xphenoSearch16 -->
  <testcase classname="com.testcases.XphenoSearch" name="xphenoSearch17" time="0.0">
    <ignored/>
  </testcase> <!-- xphenoSearch17 -->
  <testcase classname="com.testcases.XphenoSearch" name="xphenoSearch14" time="0.0">
    <ignored/>
  </testcase> <!-- xphenoSearch14 -->
  <testcase classname="com.testcases.XphenoSearch" name="xphenoSearch15" time="0.0">
    <ignored/>
  </testcase> <!-- xphenoSearch15 -->
  <testcase classname="com.testcases.XphenoSearch" name="xphenoSearch12" time="0.0">
    <ignored/>
  </testcase> <!-- xphenoSearch12 -->
  <testcase classname="com.testcases.XphenoSearch" name="xphenoSearch10" time="0.0">
    <ignored/>
  </testcase> <!-- xphenoSearch10 -->
  <testcase classname="com.testcases.XphenoSearch" name="xphenoSearch11" time="0.0">
    <ignored/>
  </testcase> <!-- xphenoSearch11 -->
  <testcase classname="com.testcases.XphenoSearch" name="xphenoSearch9" time="0.0">
    <ignored/>
  </testcase> <!-- xphenoSearch9 -->
  <testcase classname="com.testcases.XphenoSearch" name="xphenoSearch20" time="0.0">
    <ignored/>
  </testcase> <!-- xphenoSearch20 -->
  <testcase classname="com.testcases.XphenoSearch" name="xphenoSearch8" time="0.0">
    <ignored/>
  </testcase> <!-- xphenoSearch8 -->
  <testcase classname="com.testcases.XphenoSearch" name="xphenoSearch7" time="0.0">
    <ignored/>
  </testcase> <!-- xphenoSearch7 -->
  <testcase classname="com.testcases.XphenoSearch" name="xphenoSearch5" time="0.0">
    <ignored/>
  </testcase> <!-- xphenoSearch5 -->
  <testcase classname="com.testcases.XphenoSearch" name="xphenoSearch4" time="0.0">
    <ignored/>
  </testcase> <!-- xphenoSearch4 -->
  <testcase classname="com.testcases.XphenoSearch" name="xphenoSearch3" time="0.0">
    <ignored/>
  </testcase> <!-- xphenoSearch3 -->
  <testcase classname="com.testcases.XphenoSearch" name="xphenoSearch2" time="0.0">
    <ignored/>
  </testcase> <!-- xphenoSearch2 -->
</testsuite> <!-- MyTestCase -->
